<?xml version="1.0" encoding="UTF-8"?>
<!-- Generated by org.testng.reporters.JUnitXMLReporter -->
<testsuite ignored="0" hostname="Prateek" failures="0" tests="1" name="Test2" time="111.634" errors="0" timestamp="2023-07-11T16:39:30 IST">
  <testcase classname="generic_Utilities.BaseClass" name="@AfterMethod afterMethod" time="12.341">
    <failure type="org.openqa.selenium.ElementNotInteractableException" message="element not interactable
  (Session info: MicrosoftEdge=114.0.1823.67)
Build info: version: &amp;apos;4.9.1&amp;apos;, revision: &amp;apos;eb2032df7f&amp;apos;
System info: os.name: &amp;apos;Windows 10&amp;apos;, os.arch: &amp;apos;amd64&amp;apos;, os.version: &amp;apos;10.0&amp;apos;, java.version: &amp;apos;18.0.1&amp;apos;
Driver info: org.openqa.selenium.edge.EdgeDriver
Command: [e7e5d033fa3f97a3a646430e6d8fd02a, clickElement {id=2CC7E984C472A8DA9C993576DA811B58_element_116}]
Capabilities {acceptInsecureCerts: false, browserName: msedge, browserVersion: 114.0.1823.67, ms:edgeOptions: {debuggerAddress: localhost:51102}, msedge: {msedgedriverVersion: 114.0.1823.67 (3f1d7fbb324e..., userDataDir: C:\Users\HP\AppData\Local\T...}, networkConnectionEnabled: false, pageLoadStrategy: normal, platformName: windows, proxy: Proxy(), se:cdp: ws://localhost:51102/devtoo..., se:cdpVersion: 114.0.1823.67, setWindowRect: true, strictFileInteractability: false, timeouts: {implicit: 0, pageLoad: 300000, script: 30000}, unhandledPromptBehavior: dismiss and notify, webauthn:extension:credBlob: true, webauthn:extension:largeBlob: true, webauthn:extension:minPinLength: true, webauthn:extension:prf: true, webauthn:virtualAuthenticators: true}
Element: [[EdgeDriver: msedge on windows (e7e5d033fa3f97a3a646430e6d8fd02a)] -&amp;gt; xpath: //a[text()=&amp;apos;Sign Out&amp;apos;]]
Session ID: e7e5d033fa3f97a3a646430e6d8fd02a">
      <![CDATA[org.openqa.selenium.ElementNotInteractableException: element not interactable
  (Session info: MicrosoftEdge=114.0.1823.67)
Build info: version: '4.9.1', revision: 'eb2032df7f'
System info: os.name: 'Windows 10', os.arch: 'amd64', os.version: '10.0', java.version: '18.0.1'
Driver info: org.openqa.selenium.edge.EdgeDriver
Command: [e7e5d033fa3f97a3a646430e6d8fd02a, clickElement {id=2CC7E984C472A8DA9C993576DA811B58_element_116}]
Capabilities {acceptInsecureCerts: false, browserName: msedge, browserVersion: 114.0.1823.67, ms:edgeOptions: {debuggerAddress: localhost:51102}, msedge: {msedgedriverVersion: 114.0.1823.67 (3f1d7fbb324e..., userDataDir: C:\Users\HP\AppData\Local\T...}, networkConnectionEnabled: false, pageLoadStrategy: normal, platformName: windows, proxy: Proxy(), se:cdp: ws://localhost:51102/devtoo..., se:cdpVersion: 114.0.1823.67, setWindowRect: true, strictFileInteractability: false, timeouts: {implicit: 0, pageLoad: 300000, script: 30000}, unhandledPromptBehavior: dismiss and notify, webauthn:extension:credBlob: true, webauthn:extension:largeBlob: true, webauthn:extension:minPinLength: true, webauthn:extension:prf: true, webauthn:virtualAuthenticators: true}
Element: [[EdgeDriver: msedge on windows (e7e5d033fa3f97a3a646430e6d8fd02a)] -> xpath: //a[text()='Sign Out']]
Session ID: e7e5d033fa3f97a3a646430e6d8fd02a
at org.openqa.selenium.remote.codec.w3c.W3CHttpResponseCodec.createException(W3CHttpResponseCodec.java:200)
at org.openqa.selenium.remote.codec.w3c.W3CHttpResponseCodec.decode(W3CHttpResponseCodec.java:133)
at org.openqa.selenium.remote.codec.w3c.W3CHttpResponseCodec.decode(W3CHttpResponseCodec.java:53)
at org.openqa.selenium.remote.HttpCommandExecutor.execute(HttpCommandExecutor.java:193)
at org.openqa.selenium.remote.service.DriverCommandExecutor.invokeExecute(DriverCommandExecutor.java:183)
at org.openqa.selenium.remote.service.DriverCommandExecutor.execute(DriverCommandExecutor.java:158)
at org.openqa.selenium.remote.RemoteWebDriver.execute(RemoteWebDriver.java:543)
at org.openqa.selenium.remote.RemoteWebElement.execute(RemoteWebElement.java:257)
at org.openqa.selenium.remote.RemoteWebElement.click(RemoteWebElement.java:78)
at org.openqa.selenium.support.pagefactory.internal.LocatingElementHandler.invoke(LocatingElementHandler.java:52)
at jdk.proxy2/jdk.proxy2.$Proxy19.click(Unknown Source)
at PageObjects.HomePage.signOut(HomePage.java:73)
at generic_Utilities.BaseClass.afterMethod(BaseClass.java:70)
at java.base/java.util.ArrayList.forEach(ArrayList.java:1511)
at java.base/java.util.concurrent.FutureTask.run(FutureTask.java:264)
at java.base/java.util.concurrent.ThreadPoolExecutor.runWorker(ThreadPoolExecutor.java:1136)
at java.base/java.util.concurrent.ThreadPoolExecutor$Worker.run(ThreadPoolExecutor.java:635)
at java.base/java.lang.Thread.run(Thread.java:833)
... Removed 26 stack frames]]>
    </failure>
  </testcase> <!-- @AfterMethod afterMethod -->
  <testcase classname="generic_Utilities.BaseClass" name="@AfterClass afterClass" time="-1.689073770955E9">
    <skipped/>
  </testcase> <!-- @AfterClass afterClass -->
  <testcase classname="product.CreateProductTest2" name="createProductTest" time="19.016"/>
</testsuite> <!-- Test2 -->
